/*C4*/SET SCHEMA PUBLIC
DISCONNECT
/*C5*/SET SCHEMA PUBLIC
DISCONNECT
/*C6*/SET SCHEMA PUBLIC
DISCONNECT
/*C7*/SET SCHEMA PUBLIC
DISCONNECT
/*C8*/SET SCHEMA PUBLIC
DISCONNECT
/*C9*/SET SCHEMA PUBLIC
DISCONNECT
/*C10*/SET SCHEMA PUBLIC
DISCONNECT
/*C11*/SET SCHEMA PUBLIC
DISCONNECT
/*C12*/SET SCHEMA PUBLIC
DISCONNECT
/*C13*/SET SCHEMA PUBLIC
DISCONNECT
/*C14*/SET SCHEMA PUBLIC
DISCONNECT
/*C16*/SET SCHEMA PUBLIC
CREATE TABLE region ( REGION_ID INT NOT NULL, REGION_NAME VARCHAR(50) NOT NULL, PRIMARY KEY (REGION_ID))
DISCONNECT
/*C17*/SET SCHEMA PUBLIC
DISCONNECT
/*C18*/SET SCHEMA PUBLIC
CREATE TABLE New_REGION ( REGION_ID INT NOT NULL, REGION_NAME VARCHAR(50) NOT NULL, PRIMARY KEY (REGION_ID))
INSERT INTO REGION VALUES(100,'Learn PHP')
COMMIT
DISCONNECT
/*C15*/SET SCHEMA PUBLIC
DISCONNECT
/*C20*/SET SCHEMA PUBLIC
DISCONNECT
/*C21*/SET SCHEMA PUBLIC
DISCONNECT
/*C22*/SET SCHEMA PUBLIC
INSERT INTO NEW_REGION VALUES(100,'Learn PHP')
COMMIT
DISCONNECT
/*C23*/SET SCHEMA PUBLIC
INSERT INTO NEW_REGION VALUES(101,'Learn JAVA')
COMMIT
DISCONNECT
/*C24*/SET SCHEMA PUBLIC
DISCONNECT
/*C25*/SET SCHEMA PUBLIC
DISCONNECT
/*C26*/SET SCHEMA PUBLIC
DISCONNECT
/*C27*/SET SCHEMA PUBLIC
INSERT INTO NEW_REGION VALUES(1,'Europe')
COMMIT
INSERT INTO NEW_REGION VALUES(2,'Americas')
COMMIT
INSERT INTO NEW_REGION VALUES(3,'Asia')
COMMIT
INSERT INTO NEW_REGION VALUES(4,'Middle East and Africa')
COMMIT
DISCONNECT
/*C28*/SET SCHEMA PUBLIC
DISCONNECT
/*C29*/SET SCHEMA PUBLIC
DISCONNECT
/*C30*/SET SCHEMA PUBLIC
DISCONNECT
/*C19*/SET SCHEMA PUBLIC
DROP TABLE REGION
/*C31*/SET SCHEMA PUBLIC
CREATE TABLE REGION ( REGION_ID INT NOT NULL, REGION_NAME VARCHAR(50) NOT NULL, PRIMARY KEY (REGION_ID))
INSERT INTO REGION VALUES(1,'Europe')
COMMIT
INSERT INTO REGION VALUES(2,'Americas')
COMMIT
INSERT INTO REGION VALUES(3,'Asia')
COMMIT
INSERT INTO REGION VALUES(4,'Middle East and Africa')
COMMIT
DISCONNECT
/*C32*/SET SCHEMA PUBLIC
DISCONNECT
/*C33*/SET SCHEMA PUBLIC
DISCONNECT
/*C19*/DISCONNECT
/*C34*/SET SCHEMA PUBLIC
DROP TABLE REGION
/*C35*/SET SCHEMA PUBLIC
CREATE TABLE REGION ( REGION_ID INT NOT NULL, REGION_NAME VARCHAR(50) NOT NULL, PRIMARY KEY (REGION_ID))
INSERT INTO REGION VALUES(1,'Europe')
COMMIT
INSERT INTO REGION VALUES(2,'Americas')
COMMIT
INSERT INTO REGION VALUES(3,'Asia')
COMMIT
INSERT INTO REGION VALUES(4,'Middle East and Africa')
COMMIT
DISCONNECT
/*C34*/DISCONNECT
